<?xml version="1.0" encoding="UTF-8"?>
<!-- Generated by org.testng.reporters.JUnitReportReporter -->
<testsuite skipped="0" hostname="SaranyaPC" name="Academy.ValidateTitleTest" tests="1" failures="0" timestamp="2020-09-23T19:38:19 IST" time="25.795" errors="0">
  <testcase name="validateAppTitle" time="25.795" classname="Academy.ValidateTitleTest"/>
  <system-out/>
</testsuite> <!-- Academy.ValidateTitleTest -->
