<?xml version="1.0" encoding="UTF-8"?>
<!-- Generated by org.testng.reporters.JUnitReportReporter -->
<testsuite skipped="0" hostname="SaranyaPC" name="Academy.ValidateNavigationBarTest" tests="1" failures="0" timestamp="2020-09-23T19:38:19 IST" time="24.029" errors="0">
  <testcase name="validateNavigationBar" time="24.029" classname="Academy.ValidateNavigationBarTest"/>
  <system-out/>
</testsuite> <!-- Academy.ValidateNavigationBarTest -->
