<?xml version="1.0" encoding="UTF-8"?>
<!-- Generated by org.testng.reporters.JUnitReportReporter -->
<testsuite skipped="0" hostname="SaranyaPC" name="Academy.ValidateTitleTest" tests="1" failures="0" timestamp="2020-08-13T10:01:40 IST" time="3.809" errors="0">
  <testcase name="validateAppTitle" time="3.809" classname="Academy.ValidateTitleTest"/>
  <system-out/>
</testsuite> <!-- Academy.ValidateTitleTest -->
