<?xml version="1.0" encoding="UTF-8"?>
<!-- Generated by org.testng.reporters.JUnitReportReporter -->
<testsuite skipped="0" hostname="SaranyaPC" name="Academy.ValidateNavigationBarTest" tests="1" failures="0" timestamp="2020-08-13T10:01:40 IST" time="3.426" errors="0">
  <testcase name="validateNavigationBar" time="3.426" classname="Academy.ValidateNavigationBarTest"/>
  <system-out/>
</testsuite> <!-- Academy.ValidateNavigationBarTest -->
